c:\users\tewni\source\repos\consoleapplication4\consoleapplication4\debug\vc142.pdb
c:\users\tewni\source\repos\consoleapplication4\consoleapplication4\debug\consoleapplication4.obj
c:\users\tewni\source\repos\consoleapplication4\consoleapplication4\debug\assemblyinfo.obj
c:\users\tewni\source\repos\consoleapplication4\consoleapplication4\debug\ks.obj
c:\users\tewni\source\repos\consoleapplication4\consoleapplication4\debug\sharex.pch
c:\users\tewni\source\repos\consoleapplication4\consoleapplication4\debug\pch.obj
c:\users\tewni\source\repos\consoleapplication4\consoleapplication4\debug\vc142.idb
c:\users\tewni\source\repos\consoleapplication4\consoleapplication4\debug\stdafx.obj
c:\users\tewni\source\repos\consoleapplication4\consoleapplication4\debug\asv.obj
c:\users\tewni\source\repos\consoleapplication4\consoleapplication4\debug\.netframework,version=v4.7.2.assemblyattributes.obj
c:\users\tewni\source\repos\consoleapplication4\debug\sharex.exe
c:\users\tewni\source\repos\consoleapplication4\debug\sharex.pdb
c:\users\tewni\source\repos\consoleapplication4\consoleapplication4\debug\app.res
c:\users\tewni\source\repos\consoleapplication4\consoleapplication4\debug\icon.res
c:\users\tewni\source\repos\consoleapplication4\consoleapplication4\debug\consoleapplication4.pch
c:\users\tewni\source\repos\consoleapplication4\consoleapplication4\debug\consolea.6f5bb80b.tlog\cl.command.1.tlog
c:\users\tewni\source\repos\consoleapplication4\consoleapplication4\debug\consolea.6f5bb80b.tlog\cl.read.1.tlog
c:\users\tewni\source\repos\consoleapplication4\consoleapplication4\debug\consolea.6f5bb80b.tlog\cl.write.1.tlog
c:\users\tewni\source\repos\consoleapplication4\consoleapplication4\debug\consolea.6f5bb80b.tlog\link.command.1.tlog
c:\users\tewni\source\repos\consoleapplication4\consoleapplication4\debug\consolea.6f5bb80b.tlog\link.read.1.tlog
c:\users\tewni\source\repos\consoleapplication4\consoleapplication4\debug\consolea.6f5bb80b.tlog\link.write.1.tlog
c:\users\tewni\source\repos\consoleapplication4\consoleapplication4\debug\consolea.6f5bb80b.tlog\metagen.read.1.tlog
c:\users\tewni\source\repos\consoleapplication4\consoleapplication4\debug\consolea.6f5bb80b.tlog\metagen.write.1.tlog
c:\users\tewni\source\repos\consoleapplication4\consoleapplication4\debug\consolea.6f5bb80b.tlog\rc.command.1.tlog
c:\users\tewni\source\repos\consoleapplication4\consoleapplication4\debug\consolea.6f5bb80b.tlog\rc.read.1.tlog
c:\users\tewni\source\repos\consoleapplication4\consoleapplication4\debug\consolea.6f5bb80b.tlog\rc.write.1.tlog
